[2016-04-01 15:48:28,373] INFO  ClassPathXmlApplicationContext:510 - Refreshing org.springframework.context.support.ClassPathXmlApplicationContext@33c2841d: startup date [Fri Apr 01 15:48:28 CST 2016]; root of context hierarchy
[2016-04-01 15:48:28,543] INFO  XmlBeanDefinitionReader:315 - Loading XML bean definitions from class path resource [applicationContext.xml]
[2016-04-01 15:48:29,977] INFO  PropertyPlaceholderConfigurer:172 - Loading properties file from URL [file:/E:/workspace1/hello/target/classes/system.properties]
[2016-04-01 15:48:30,191] INFO  DefaultListableBeanFactory:598 - Pre-instantiating singletons in org.springframework.beans.factory.support.DefaultListableBeanFactory@7e432225: defining beans [org.springframework.context.annotation.internalConfigurationAnnotationProcessor,org.springframework.context.annotation.internalAutowiredAnnotationProcessor,org.springframework.context.annotation.internalRequiredAnnotationProcessor,org.springframework.context.annotation.internalCommonAnnotationProcessor,org.springframework.context.annotation.internalAsyncAnnotationProcessor,org.springframework.context.annotation.internalScheduledAnnotationProcessor,org.springframework.aop.config.internalAutoProxyCreator,task,settings,org.springframework.beans.factory.config.PropertyPlaceholderConfigurer#0,dataSource,transactionManager,jdbcTemplate,org.springframework.transaction.annotation.AnnotationTransactionAttributeSource#0,org.springframework.transaction.interceptor.TransactionInterceptor#0,org.springframework.transaction.config.internalTransactionAdvisor,transactionInterceptor,org.springframework.aop.framework.autoproxy.BeanNameAutoProxyCreator#0,org.springframework.context.annotation.ConfigurationClassPostProcessor.importAwareProcessor]; root of factory hierarchy
[2016-04-01 15:48:30,835] INFO  PropertiesFactoryBean:172 - Loading properties file from class path resource [system.properties]
[2016-04-01 15:49:49,254] INFO  HelloHandler:64 - 开始处理helloMap..
[2016-04-01 15:49:49,266] DEBUG JdbcTemplate:435 - Executing SQL query [select  count(1) from `manager-user`]
[2016-04-01 15:49:50,942] INFO  HelloHandler:68 - 处理完毕！136
[2016-04-01 15:49:51,052] WARN  TAsyncClientManager:184 - Caught exception in TAsyncClientManager!
java.nio.channels.ClosedChannelException
	at java.nio.channels.spi.AbstractSelectableChannel.register(AbstractSelectableChannel.java:194)
	at java.nio.channels.SelectableChannel.register(SelectableChannel.java:277)
	at org.apache.thrift.transport.TNonblockingSocket.registerSelector(TNonblockingSocket.java:100)
	at org.apache.thrift.async.TAsyncMethodCall.start(TAsyncMethodCall.java:143)
	at org.apache.thrift.async.TAsyncClientManager$SelectThread.startPendingMethods(TAsyncClientManager.java:176)
	at org.apache.thrift.async.TAsyncClientManager$SelectThread.run(TAsyncClientManager.java:115)
[2016-04-01 15:51:16,071] INFO  HelloHandler:64 - 开始处理helloMap..
[2016-04-01 15:51:16,072] DEBUG JdbcTemplate:435 - Executing SQL query [select  count(1) from `manager-user`]
[2016-04-01 15:51:16,188] INFO  HelloHandler:68 - 处理完毕！136
[2016-04-01 15:51:42,005] INFO  HelloHandler:64 - 开始处理helloMap..
[2016-04-01 15:51:42,006] DEBUG JdbcTemplate:435 - Executing SQL query [select  count(1) from `manager-user`]
[2016-04-01 15:51:42,100] INFO  HelloHandler:68 - 处理完毕！136
[2016-04-01 15:54:40,225] INFO  HelloHandler:64 - 开始处理helloMap..
[2016-04-01 15:54:40,226] DEBUG JdbcTemplate:435 - Executing SQL query [select  count(1) from `manager-user`]
[2016-04-01 15:54:40,355] INFO  HelloHandler:68 - 处理完毕！136
[2016-04-01 15:55:14,719] INFO  HelloHandler:64 - 开始处理helloMap..
[2016-04-01 15:55:14,720] DEBUG JdbcTemplate:435 - Executing SQL query [select  count(1) from `manager-user`]
[2016-04-01 15:55:14,707] WARN  TAsyncClientManager:184 - Caught exception in TAsyncClientManager!
java.nio.channels.ClosedChannelException
	at java.nio.channels.spi.AbstractSelectableChannel.register(AbstractSelectableChannel.java:194)
	at java.nio.channels.SelectableChannel.register(SelectableChannel.java:277)
	at org.apache.thrift.transport.TNonblockingSocket.registerSelector(TNonblockingSocket.java:100)
	at org.apache.thrift.async.TAsyncMethodCall.start(TAsyncMethodCall.java:143)
	at org.apache.thrift.async.TAsyncClientManager$SelectThread.startPendingMethods(TAsyncClientManager.java:176)
	at org.apache.thrift.async.TAsyncClientManager$SelectThread.run(TAsyncClientManager.java:115)
[2016-04-01 15:55:14,829] INFO  HelloHandler:68 - 处理完毕！136
[2016-04-01 15:56:43,564] INFO  ClassPathXmlApplicationContext:510 - Refreshing org.springframework.context.support.ClassPathXmlApplicationContext@13552393: startup date [Fri Apr 01 15:56:43 CST 2016]; root of context hierarchy
[2016-04-01 15:56:43,732] INFO  XmlBeanDefinitionReader:315 - Loading XML bean definitions from class path resource [applicationContext.xml]
[2016-04-01 15:56:45,090] INFO  PropertyPlaceholderConfigurer:172 - Loading properties file from URL [file:/E:/workspace1/hello/target/classes/system.properties]
[2016-04-01 15:56:45,294] INFO  DefaultListableBeanFactory:598 - Pre-instantiating singletons in org.springframework.beans.factory.support.DefaultListableBeanFactory@4024268f: defining beans [org.springframework.context.annotation.internalConfigurationAnnotationProcessor,org.springframework.context.annotation.internalAutowiredAnnotationProcessor,org.springframework.context.annotation.internalRequiredAnnotationProcessor,org.springframework.context.annotation.internalCommonAnnotationProcessor,org.springframework.context.annotation.internalAsyncAnnotationProcessor,org.springframework.context.annotation.internalScheduledAnnotationProcessor,org.springframework.aop.config.internalAutoProxyCreator,task,settings,org.springframework.beans.factory.config.PropertyPlaceholderConfigurer#0,dataSource,transactionManager,jdbcTemplate,org.springframework.transaction.annotation.AnnotationTransactionAttributeSource#0,org.springframework.transaction.interceptor.TransactionInterceptor#0,org.springframework.transaction.config.internalTransactionAdvisor,transactionInterceptor,org.springframework.aop.framework.autoproxy.BeanNameAutoProxyCreator#0,org.springframework.context.annotation.ConfigurationClassPostProcessor.importAwareProcessor]; root of factory hierarchy
[2016-04-01 15:56:45,953] INFO  PropertiesFactoryBean:172 - Loading properties file from class path resource [system.properties]
[2016-04-01 15:56:55,925] INFO  HelloHandler:64 - 开始处理helloMap..
[2016-04-01 15:56:55,937] DEBUG JdbcTemplate:435 - Executing SQL query [select  count(1) from `manager-user`]
[2016-04-01 15:56:57,233] INFO  HelloHandler:68 - 处理完毕！136
[2016-04-01 16:00:04,320] INFO  HelloHandler:64 - 开始处理helloMap..
[2016-04-01 16:00:04,321] DEBUG JdbcTemplate:435 - Executing SQL query [select  count(1) from `manager-user`]
[2016-04-01 16:00:04,424] INFO  HelloHandler:68 - 处理完毕！136
[2016-04-01 16:03:09,770] INFO  HelloHandler:64 - 开始处理helloMap..
[2016-04-01 16:03:09,771] DEBUG JdbcTemplate:435 - Executing SQL query [select  count(1) from `manager-user`]
[2016-04-01 16:03:09,879] INFO  HelloHandler:68 - 处理完毕！136
[2016-04-01 16:07:57,461] INFO  ClassPathXmlApplicationContext:510 - Refreshing org.springframework.context.support.ClassPathXmlApplicationContext@5c17821b: startup date [Fri Apr 01 16:07:57 CST 2016]; root of context hierarchy
[2016-04-01 16:07:57,625] INFO  XmlBeanDefinitionReader:315 - Loading XML bean definitions from class path resource [applicationContext.xml]
[2016-04-01 16:07:59,055] INFO  PropertyPlaceholderConfigurer:172 - Loading properties file from URL [file:/E:/workspace1/hello/target/classes/system.properties]
[2016-04-01 16:07:59,366] INFO  DefaultListableBeanFactory:598 - Pre-instantiating singletons in org.springframework.beans.factory.support.DefaultListableBeanFactory@5b5fbbd7: defining beans [org.springframework.context.annotation.internalConfigurationAnnotationProcessor,org.springframework.context.annotation.internalAutowiredAnnotationProcessor,org.springframework.context.annotation.internalRequiredAnnotationProcessor,org.springframework.context.annotation.internalCommonAnnotationProcessor,org.springframework.context.annotation.internalAsyncAnnotationProcessor,org.springframework.context.annotation.internalScheduledAnnotationProcessor,org.springframework.aop.config.internalAutoProxyCreator,task,settings,org.springframework.beans.factory.config.PropertyPlaceholderConfigurer#0,dataSource,transactionManager,jdbcTemplate,org.springframework.transaction.annotation.AnnotationTransactionAttributeSource#0,org.springframework.transaction.interceptor.TransactionInterceptor#0,org.springframework.transaction.config.internalTransactionAdvisor,transactionInterceptor,org.springframework.aop.framework.autoproxy.BeanNameAutoProxyCreator#0,org.springframework.context.annotation.ConfigurationClassPostProcessor.importAwareProcessor]; root of factory hierarchy
[2016-04-01 16:08:00,126] INFO  PropertiesFactoryBean:172 - Loading properties file from class path resource [system.properties]
[2016-04-01 16:08:17,569] INFO  ClassPathXmlApplicationContext:510 - Refreshing org.springframework.context.support.ClassPathXmlApplicationContext@70d47214: startup date [Fri Apr 01 16:08:17 CST 2016]; root of context hierarchy
[2016-04-01 16:08:17,716] INFO  XmlBeanDefinitionReader:315 - Loading XML bean definitions from class path resource [applicationContext.xml]
[2016-04-01 16:08:18,851] INFO  PropertyPlaceholderConfigurer:172 - Loading properties file from URL [file:/E:/workspace1/hello/target/classes/system.properties]
[2016-04-01 16:08:19,047] INFO  DefaultListableBeanFactory:598 - Pre-instantiating singletons in org.springframework.beans.factory.support.DefaultListableBeanFactory@acb8af4: defining beans [org.springframework.context.annotation.internalConfigurationAnnotationProcessor,org.springframework.context.annotation.internalAutowiredAnnotationProcessor,org.springframework.context.annotation.internalRequiredAnnotationProcessor,org.springframework.context.annotation.internalCommonAnnotationProcessor,org.springframework.context.annotation.internalAsyncAnnotationProcessor,org.springframework.context.annotation.internalScheduledAnnotationProcessor,org.springframework.aop.config.internalAutoProxyCreator,task,settings,org.springframework.beans.factory.config.PropertyPlaceholderConfigurer#0,dataSource,transactionManager,jdbcTemplate,org.springframework.transaction.annotation.AnnotationTransactionAttributeSource#0,org.springframework.transaction.interceptor.TransactionInterceptor#0,org.springframework.transaction.config.internalTransactionAdvisor,transactionInterceptor,org.springframework.aop.framework.autoproxy.BeanNameAutoProxyCreator#0,org.springframework.context.annotation.ConfigurationClassPostProcessor.importAwareProcessor]; root of factory hierarchy
[2016-04-01 16:08:19,723] INFO  PropertiesFactoryBean:172 - Loading properties file from class path resource [system.properties]
[2016-04-01 16:14:43,967] INFO  HelloHandler:64 - 开始处理helloMap..
[2016-04-01 16:14:43,977] DEBUG JdbcTemplate:435 - Executing SQL query [select  count(1) from `manager-user`]
[2016-04-01 16:14:45,071] INFO  HelloHandler:68 - 处理完毕！136
[2016-04-01 16:15:49,077] INFO  ClassPathXmlApplicationContext:510 - Refreshing org.springframework.context.support.ClassPathXmlApplicationContext@c8ec3bc: startup date [Fri Apr 01 16:15:49 CST 2016]; root of context hierarchy
[2016-04-01 16:15:49,236] INFO  XmlBeanDefinitionReader:315 - Loading XML bean definitions from class path resource [applicationContext.xml]
[2016-04-01 16:15:50,593] INFO  PropertyPlaceholderConfigurer:172 - Loading properties file from URL [file:/E:/workspace1/hello/target/classes/system.properties]
[2016-04-01 16:15:50,900] INFO  DefaultListableBeanFactory:598 - Pre-instantiating singletons in org.springframework.beans.factory.support.DefaultListableBeanFactory@acb8af4: defining beans [org.springframework.context.annotation.internalConfigurationAnnotationProcessor,org.springframework.context.annotation.internalAutowiredAnnotationProcessor,org.springframework.context.annotation.internalRequiredAnnotationProcessor,org.springframework.context.annotation.internalCommonAnnotationProcessor,org.springframework.context.annotation.internalAsyncAnnotationProcessor,org.springframework.context.annotation.internalScheduledAnnotationProcessor,org.springframework.aop.config.internalAutoProxyCreator,task,settings,org.springframework.beans.factory.config.PropertyPlaceholderConfigurer#0,dataSource,transactionManager,jdbcTemplate,org.springframework.transaction.annotation.AnnotationTransactionAttributeSource#0,org.springframework.transaction.interceptor.TransactionInterceptor#0,org.springframework.transaction.config.internalTransactionAdvisor,transactionInterceptor,org.springframework.aop.framework.autoproxy.BeanNameAutoProxyCreator#0,org.springframework.context.annotation.ConfigurationClassPostProcessor.importAwareProcessor]; root of factory hierarchy
[2016-04-01 16:15:51,682] INFO  PropertiesFactoryBean:172 - Loading properties file from class path resource [system.properties]
[2016-04-01 16:16:12,970] INFO  HelloHandler:64 - 开始处理helloMap..
[2016-04-01 16:16:12,998] DEBUG JdbcTemplate:435 - Executing SQL query [select  count(1) from `manager-user`]
[2016-04-01 16:16:14,314] INFO  HelloHandler:68 - 处理完毕！136
[2016-04-01 16:16:47,666] INFO  HelloHandler:64 - 开始处理helloMap..
[2016-04-01 16:16:47,666] DEBUG JdbcTemplate:435 - Executing SQL query [select  count(1) from `manager-user`]
[2016-04-01 16:16:47,762] INFO  HelloHandler:68 - 处理完毕！136
[2016-04-01 16:17:07,324] WARN  AbstractNonblockingServer$FrameBuffer:544 - Got an IOException in internalRead!
java.io.IOException: 远程主机强迫关闭了一个现有的连接。
	at sun.nio.ch.SocketDispatcher.read0(Native Method)
	at sun.nio.ch.SocketDispatcher.read(SocketDispatcher.java:43)
	at sun.nio.ch.IOUtil.readIntoNativeBuffer(IOUtil.java:223)
	at sun.nio.ch.IOUtil.read(IOUtil.java:197)
	at sun.nio.ch.SocketChannelImpl.read(SocketChannelImpl.java:379)
	at org.apache.thrift.transport.TNonblockingSocket.read(TNonblockingSocket.java:142)
	at org.apache.thrift.server.AbstractNonblockingServer$FrameBuffer.internalRead(AbstractNonblockingServer.java:539)
	at org.apache.thrift.server.AbstractNonblockingServer$FrameBuffer.read(AbstractNonblockingServer.java:338)
	at org.apache.thrift.server.AbstractNonblockingServer$AbstractSelectThread.handleRead(AbstractNonblockingServer.java:203)
	at org.apache.thrift.server.TNonblockingServer$SelectAcceptThread.select(TNonblockingServer.java:203)
	at org.apache.thrift.server.TNonblockingServer$SelectAcceptThread.run(TNonblockingServer.java:154)
[2016-04-01 16:17:11,399] WARN  AbstractNonblockingServer$FrameBuffer:544 - Got an IOException in internalRead!
java.io.IOException: 远程主机强迫关闭了一个现有的连接。
	at sun.nio.ch.SocketDispatcher.read0(Native Method)
	at sun.nio.ch.SocketDispatcher.read(SocketDispatcher.java:43)
	at sun.nio.ch.IOUtil.readIntoNativeBuffer(IOUtil.java:223)
	at sun.nio.ch.IOUtil.read(IOUtil.java:197)
	at sun.nio.ch.SocketChannelImpl.read(SocketChannelImpl.java:379)
	at org.apache.thrift.transport.TNonblockingSocket.read(TNonblockingSocket.java:142)
	at org.apache.thrift.server.AbstractNonblockingServer$FrameBuffer.internalRead(AbstractNonblockingServer.java:539)
	at org.apache.thrift.server.AbstractNonblockingServer$FrameBuffer.read(AbstractNonblockingServer.java:338)
	at org.apache.thrift.server.AbstractNonblockingServer$AbstractSelectThread.handleRead(AbstractNonblockingServer.java:203)
	at org.apache.thrift.server.TNonblockingServer$SelectAcceptThread.select(TNonblockingServer.java:203)
	at org.apache.thrift.server.TNonblockingServer$SelectAcceptThread.run(TNonblockingServer.java:154)
[2016-04-01 16:18:25,338] INFO  HelloHandler:64 - 开始处理helloMap..
[2016-04-01 16:18:25,339] DEBUG JdbcTemplate:435 - Executing SQL query [select  count(1) from `manager-user`]
[2016-04-01 16:18:25,436] INFO  HelloHandler:68 - 处理完毕！136
[2016-04-01 16:20:32,265] WARN  AbstractNonblockingServer$FrameBuffer:544 - Got an IOException in internalRead!
java.io.IOException: 远程主机强迫关闭了一个现有的连接。
	at sun.nio.ch.SocketDispatcher.read0(Native Method)
	at sun.nio.ch.SocketDispatcher.read(SocketDispatcher.java:43)
	at sun.nio.ch.IOUtil.readIntoNativeBuffer(IOUtil.java:223)
	at sun.nio.ch.IOUtil.read(IOUtil.java:197)
	at sun.nio.ch.SocketChannelImpl.read(SocketChannelImpl.java:379)
	at org.apache.thrift.transport.TNonblockingSocket.read(TNonblockingSocket.java:142)
	at org.apache.thrift.server.AbstractNonblockingServer$FrameBuffer.internalRead(AbstractNonblockingServer.java:539)
	at org.apache.thrift.server.AbstractNonblockingServer$FrameBuffer.read(AbstractNonblockingServer.java:338)
	at org.apache.thrift.server.AbstractNonblockingServer$AbstractSelectThread.handleRead(AbstractNonblockingServer.java:203)
	at org.apache.thrift.server.TNonblockingServer$SelectAcceptThread.select(TNonblockingServer.java:203)
	at org.apache.thrift.server.TNonblockingServer$SelectAcceptThread.run(TNonblockingServer.java:154)
[2016-04-01 16:20:37,335] WARN  TAsyncClientManager:184 - Caught exception in TAsyncClientManager!
java.nio.channels.ClosedChannelException
	at java.nio.channels.spi.AbstractSelectableChannel.register(AbstractSelectableChannel.java:194)
	at java.nio.channels.SelectableChannel.register(SelectableChannel.java:277)
	at org.apache.thrift.transport.TNonblockingSocket.registerSelector(TNonblockingSocket.java:100)
	at org.apache.thrift.async.TAsyncMethodCall.start(TAsyncMethodCall.java:143)
	at org.apache.thrift.async.TAsyncClientManager$SelectThread.startPendingMethods(TAsyncClientManager.java:176)
	at org.apache.thrift.async.TAsyncClientManager$SelectThread.run(TAsyncClientManager.java:115)
[2016-04-01 16:20:37,385] INFO  HelloHandler:34 - 服务端:larry
[2016-04-01 16:21:54,816] INFO  HelloHandler:64 - 开始处理helloMap..
[2016-04-01 16:21:54,817] DEBUG JdbcTemplate:435 - Executing SQL query [select  count(1) from `manager-user`]
[2016-04-01 16:21:54,832] INFO  HelloHandler:34 - 服务端:larry
[2016-04-01 16:21:54,918] INFO  HelloHandler:68 - 处理完毕！136
[2016-04-01 16:21:54,938] WARN  AbstractNonblockingServer$FrameBuffer:544 - Got an IOException in internalRead!
java.io.IOException: 远程主机强迫关闭了一个现有的连接。
	at sun.nio.ch.SocketDispatcher.read0(Native Method)
	at sun.nio.ch.SocketDispatcher.read(SocketDispatcher.java:43)
	at sun.nio.ch.IOUtil.readIntoNativeBuffer(IOUtil.java:223)
	at sun.nio.ch.IOUtil.read(IOUtil.java:197)
	at sun.nio.ch.SocketChannelImpl.read(SocketChannelImpl.java:379)
	at org.apache.thrift.transport.TNonblockingSocket.read(TNonblockingSocket.java:142)
	at org.apache.thrift.server.AbstractNonblockingServer$FrameBuffer.internalRead(AbstractNonblockingServer.java:539)
	at org.apache.thrift.server.AbstractNonblockingServer$FrameBuffer.read(AbstractNonblockingServer.java:338)
	at org.apache.thrift.server.AbstractNonblockingServer$AbstractSelectThread.handleRead(AbstractNonblockingServer.java:203)
	at org.apache.thrift.server.TNonblockingServer$SelectAcceptThread.select(TNonblockingServer.java:203)
	at org.apache.thrift.server.TNonblockingServer$SelectAcceptThread.run(TNonblockingServer.java:154)
[2016-04-01 16:22:36,656] INFO  ClassPathXmlApplicationContext:510 - Refreshing org.springframework.context.support.ClassPathXmlApplicationContext@36300ca7: startup date [Fri Apr 01 16:22:36 CST 2016]; root of context hierarchy
[2016-04-01 16:22:36,808] INFO  XmlBeanDefinitionReader:315 - Loading XML bean definitions from class path resource [applicationContext.xml]
[2016-04-01 16:22:38,061] INFO  PropertyPlaceholderConfigurer:172 - Loading properties file from URL [file:/E:/workspace1/hello/target/classes/system.properties]
[2016-04-01 16:22:38,348] INFO  DefaultListableBeanFactory:598 - Pre-instantiating singletons in org.springframework.beans.factory.support.DefaultListableBeanFactory@325f3db2: defining beans [org.springframework.context.annotation.internalConfigurationAnnotationProcessor,org.springframework.context.annotation.internalAutowiredAnnotationProcessor,org.springframework.context.annotation.internalRequiredAnnotationProcessor,org.springframework.context.annotation.internalCommonAnnotationProcessor,org.springframework.context.annotation.internalAsyncAnnotationProcessor,org.springframework.context.annotation.internalScheduledAnnotationProcessor,org.springframework.aop.config.internalAutoProxyCreator,task,settings,org.springframework.beans.factory.config.PropertyPlaceholderConfigurer#0,dataSource,transactionManager,jdbcTemplate,org.springframework.transaction.annotation.AnnotationTransactionAttributeSource#0,org.springframework.transaction.interceptor.TransactionInterceptor#0,org.springframework.transaction.config.internalTransactionAdvisor,transactionInterceptor,org.springframework.aop.framework.autoproxy.BeanNameAutoProxyCreator#0,org.springframework.context.annotation.ConfigurationClassPostProcessor.importAwareProcessor]; root of factory hierarchy
[2016-04-01 16:22:38,929] INFO  PropertiesFactoryBean:172 - Loading properties file from class path resource [system.properties]
[2016-04-01 16:22:47,501] INFO  HelloHandler:34 - 服务端:larry
[2016-04-01 16:22:47,510] INFO  HelloHandler:64 - 开始处理helloMap..
[2016-04-01 16:22:47,528] DEBUG JdbcTemplate:435 - Executing SQL query [select  count(1) from `manager-user`]
[2016-04-01 16:22:48,857] INFO  HelloHandler:68 - 处理完毕！136
[2016-04-01 16:22:48,863] WARN  AbstractNonblockingServer$FrameBuffer:418 - Got an IOException during write!
java.io.IOException: 远程主机强迫关闭了一个现有的连接。
	at sun.nio.ch.SocketDispatcher.write0(Native Method)
	at sun.nio.ch.SocketDispatcher.write(SocketDispatcher.java:51)
	at sun.nio.ch.IOUtil.writeFromNativeBuffer(IOUtil.java:93)
	at sun.nio.ch.IOUtil.write(IOUtil.java:65)
	at sun.nio.ch.SocketChannelImpl.write(SocketChannelImpl.java:487)
	at org.apache.thrift.transport.TNonblockingSocket.write(TNonblockingSocket.java:165)
	at org.apache.thrift.server.AbstractNonblockingServer$FrameBuffer.write(AbstractNonblockingServer.java:414)
	at org.apache.thrift.server.AbstractNonblockingServer$AbstractSelectThread.handleWrite(AbstractNonblockingServer.java:221)
	at org.apache.thrift.server.TNonblockingServer$SelectAcceptThread.select(TNonblockingServer.java:206)
	at org.apache.thrift.server.TNonblockingServer$SelectAcceptThread.run(TNonblockingServer.java:154)
[2016-04-01 16:23:42,957] INFO  HelloHandler:64 - 开始处理helloMap..
[2016-04-01 16:23:42,959] DEBUG JdbcTemplate:435 - Executing SQL query [select  count(1) from `manager-user`]
[2016-04-01 16:23:42,974] INFO  HelloHandler:34 - 服务端:larry
[2016-04-01 16:23:43,056] INFO  HelloHandler:68 - 处理完毕！136
[2016-04-01 16:23:43,076] WARN  AbstractNonblockingServer$FrameBuffer:544 - Got an IOException in internalRead!
java.io.IOException: 远程主机强迫关闭了一个现有的连接。
	at sun.nio.ch.SocketDispatcher.read0(Native Method)
	at sun.nio.ch.SocketDispatcher.read(SocketDispatcher.java:43)
	at sun.nio.ch.IOUtil.readIntoNativeBuffer(IOUtil.java:223)
	at sun.nio.ch.IOUtil.read(IOUtil.java:197)
	at sun.nio.ch.SocketChannelImpl.read(SocketChannelImpl.java:379)
	at org.apache.thrift.transport.TNonblockingSocket.read(TNonblockingSocket.java:142)
	at org.apache.thrift.server.AbstractNonblockingServer$FrameBuffer.internalRead(AbstractNonblockingServer.java:539)
	at org.apache.thrift.server.AbstractNonblockingServer$FrameBuffer.read(AbstractNonblockingServer.java:338)
	at org.apache.thrift.server.AbstractNonblockingServer$AbstractSelectThread.handleRead(AbstractNonblockingServer.java:203)
	at org.apache.thrift.server.TNonblockingServer$SelectAcceptThread.select(TNonblockingServer.java:203)
	at org.apache.thrift.server.TNonblockingServer$SelectAcceptThread.run(TNonblockingServer.java:154)
[2016-04-01 16:24:25,956] INFO  HelloHandler:64 - 开始处理helloMap..
[2016-04-01 16:24:25,963] DEBUG JdbcTemplate:435 - Executing SQL query [select  count(1) from `manager-user`]
[2016-04-01 16:24:25,972] INFO  HelloHandler:34 - 服务端:larry
[2016-04-01 16:24:26,070] INFO  HelloHandler:68 - 处理完毕！136
[2016-04-01 16:24:26,083] WARN  AbstractNonblockingServer$FrameBuffer:544 - Got an IOException in internalRead!
java.io.IOException: 远程主机强迫关闭了一个现有的连接。
	at sun.nio.ch.SocketDispatcher.read0(Native Method)
	at sun.nio.ch.SocketDispatcher.read(SocketDispatcher.java:43)
	at sun.nio.ch.IOUtil.readIntoNativeBuffer(IOUtil.java:223)
	at sun.nio.ch.IOUtil.read(IOUtil.java:197)
	at sun.nio.ch.SocketChannelImpl.read(SocketChannelImpl.java:379)
	at org.apache.thrift.transport.TNonblockingSocket.read(TNonblockingSocket.java:142)
	at org.apache.thrift.server.AbstractNonblockingServer$FrameBuffer.internalRead(AbstractNonblockingServer.java:539)
	at org.apache.thrift.server.AbstractNonblockingServer$FrameBuffer.read(AbstractNonblockingServer.java:338)
	at org.apache.thrift.server.AbstractNonblockingServer$AbstractSelectThread.handleRead(AbstractNonblockingServer.java:203)
	at org.apache.thrift.server.TNonblockingServer$SelectAcceptThread.select(TNonblockingServer.java:203)
	at org.apache.thrift.server.TNonblockingServer$SelectAcceptThread.run(TNonblockingServer.java:154)
[2016-04-01 16:24:26,085] WARN  AbstractNonblockingServer$FrameBuffer:544 - Got an IOException in internalRead!
java.io.IOException: 远程主机强迫关闭了一个现有的连接。
	at sun.nio.ch.SocketDispatcher.read0(Native Method)
	at sun.nio.ch.SocketDispatcher.read(SocketDispatcher.java:43)
	at sun.nio.ch.IOUtil.readIntoNativeBuffer(IOUtil.java:223)
	at sun.nio.ch.IOUtil.read(IOUtil.java:197)
	at sun.nio.ch.SocketChannelImpl.read(SocketChannelImpl.java:379)
	at org.apache.thrift.transport.TNonblockingSocket.read(TNonblockingSocket.java:142)
	at org.apache.thrift.server.AbstractNonblockingServer$FrameBuffer.internalRead(AbstractNonblockingServer.java:539)
	at org.apache.thrift.server.AbstractNonblockingServer$FrameBuffer.read(AbstractNonblockingServer.java:338)
	at org.apache.thrift.server.AbstractNonblockingServer$AbstractSelectThread.handleRead(AbstractNonblockingServer.java:203)
	at org.apache.thrift.server.TNonblockingServer$SelectAcceptThread.select(TNonblockingServer.java:203)
	at org.apache.thrift.server.TNonblockingServer$SelectAcceptThread.run(TNonblockingServer.java:154)
[2016-04-01 16:25:46,553] INFO  ClassPathXmlApplicationContext:510 - Refreshing org.springframework.context.support.ClassPathXmlApplicationContext@c8ec3bc: startup date [Fri Apr 01 16:25:46 CST 2016]; root of context hierarchy
[2016-04-01 16:25:46,711] INFO  XmlBeanDefinitionReader:315 - Loading XML bean definitions from class path resource [applicationContext.xml]
[2016-04-01 16:25:48,007] INFO  PropertyPlaceholderConfigurer:172 - Loading properties file from URL [file:/E:/workspace1/hello/target/classes/system.properties]
[2016-04-01 16:25:48,215] INFO  DefaultListableBeanFactory:598 - Pre-instantiating singletons in org.springframework.beans.factory.support.DefaultListableBeanFactory@acb8af4: defining beans [org.springframework.context.annotation.internalConfigurationAnnotationProcessor,org.springframework.context.annotation.internalAutowiredAnnotationProcessor,org.springframework.context.annotation.internalRequiredAnnotationProcessor,org.springframework.context.annotation.internalCommonAnnotationProcessor,org.springframework.context.annotation.internalAsyncAnnotationProcessor,org.springframework.context.annotation.internalScheduledAnnotationProcessor,org.springframework.aop.config.internalAutoProxyCreator,task,settings,org.springframework.beans.factory.config.PropertyPlaceholderConfigurer#0,dataSource,transactionManager,jdbcTemplate,org.springframework.transaction.annotation.AnnotationTransactionAttributeSource#0,org.springframework.transaction.interceptor.TransactionInterceptor#0,org.springframework.transaction.config.internalTransactionAdvisor,transactionInterceptor,org.springframework.aop.framework.autoproxy.BeanNameAutoProxyCreator#0,org.springframework.context.annotation.ConfigurationClassPostProcessor.importAwareProcessor]; root of factory hierarchy
[2016-04-01 16:25:48,878] INFO  PropertiesFactoryBean:172 - Loading properties file from class path resource [system.properties]
[2016-04-01 16:27:24,510] INFO  ClassPathXmlApplicationContext:510 - Refreshing org.springframework.context.support.ClassPathXmlApplicationContext@1bf33149: startup date [Fri Apr 01 16:27:24 CST 2016]; root of context hierarchy
[2016-04-01 16:27:24,665] INFO  XmlBeanDefinitionReader:315 - Loading XML bean definitions from class path resource [applicationContext.xml]
[2016-04-01 16:27:26,164] INFO  PropertyPlaceholderConfigurer:172 - Loading properties file from URL [file:/E:/workspace1/hello/target/classes/system.properties]
[2016-04-01 16:27:26,420] INFO  DefaultListableBeanFactory:598 - Pre-instantiating singletons in org.springframework.beans.factory.support.DefaultListableBeanFactory@61fe13e1: defining beans [org.springframework.context.annotation.internalConfigurationAnnotationProcessor,org.springframework.context.annotation.internalAutowiredAnnotationProcessor,org.springframework.context.annotation.internalRequiredAnnotationProcessor,org.springframework.context.annotation.internalCommonAnnotationProcessor,org.springframework.context.annotation.internalAsyncAnnotationProcessor,org.springframework.context.annotation.internalScheduledAnnotationProcessor,org.springframework.aop.config.internalAutoProxyCreator,task,settings,org.springframework.beans.factory.config.PropertyPlaceholderConfigurer#0,dataSource,transactionManager,jdbcTemplate,org.springframework.transaction.annotation.AnnotationTransactionAttributeSource#0,org.springframework.transaction.interceptor.TransactionInterceptor#0,org.springframework.transaction.config.internalTransactionAdvisor,transactionInterceptor,org.springframework.aop.framework.autoproxy.BeanNameAutoProxyCreator#0,org.springframework.context.annotation.ConfigurationClassPostProcessor.importAwareProcessor]; root of factory hierarchy
[2016-04-01 16:27:27,142] INFO  PropertiesFactoryBean:172 - Loading properties file from class path resource [system.properties]
[2016-04-01 16:27:37,707] INFO  HelloHandler:34 - 服务端:larry
[2016-04-01 16:31:39,751] INFO  HelloHandler:64 - 开始处理helloMap..
[2016-04-01 16:31:39,760] DEBUG JdbcTemplate:435 - Executing SQL query [select  count(1) from `manager-user`]
[2016-04-01 16:31:40,967] INFO  HelloHandler:68 - 处理完毕！136
[2016-04-01 16:31:42,752] WARN  AbstractNonblockingServer$FrameBuffer:544 - Got an IOException in internalRead!
java.io.IOException: 远程主机强迫关闭了一个现有的连接。
	at sun.nio.ch.SocketDispatcher.read0(Native Method)
	at sun.nio.ch.SocketDispatcher.read(SocketDispatcher.java:43)
	at sun.nio.ch.IOUtil.readIntoNativeBuffer(IOUtil.java:223)
	at sun.nio.ch.IOUtil.read(IOUtil.java:197)
	at sun.nio.ch.SocketChannelImpl.read(SocketChannelImpl.java:379)
	at org.apache.thrift.transport.TNonblockingSocket.read(TNonblockingSocket.java:142)
	at org.apache.thrift.server.AbstractNonblockingServer$FrameBuffer.internalRead(AbstractNonblockingServer.java:539)
	at org.apache.thrift.server.AbstractNonblockingServer$FrameBuffer.read(AbstractNonblockingServer.java:338)
	at org.apache.thrift.server.AbstractNonblockingServer$AbstractSelectThread.handleRead(AbstractNonblockingServer.java:203)
	at org.apache.thrift.server.TNonblockingServer$SelectAcceptThread.select(TNonblockingServer.java:203)
	at org.apache.thrift.server.TNonblockingServer$SelectAcceptThread.run(TNonblockingServer.java:154)
[2016-04-01 16:36:23,694] INFO  HelloHandler:64 - 开始处理helloMap..
[2016-04-01 16:36:23,695] DEBUG JdbcTemplate:435 - Executing SQL query [select  count(1) from `manager-user`]
[2016-04-01 16:36:23,798] INFO  HelloHandler:68 - 处理完毕！136
[2016-04-01 16:36:23,813] WARN  AbstractNonblockingServer$FrameBuffer:544 - Got an IOException in internalRead!
java.io.IOException: 远程主机强迫关闭了一个现有的连接。
	at sun.nio.ch.SocketDispatcher.read0(Native Method)
	at sun.nio.ch.SocketDispatcher.read(SocketDispatcher.java:43)
	at sun.nio.ch.IOUtil.readIntoNativeBuffer(IOUtil.java:223)
	at sun.nio.ch.IOUtil.read(IOUtil.java:197)
	at sun.nio.ch.SocketChannelImpl.read(SocketChannelImpl.java:379)
	at org.apache.thrift.transport.TNonblockingSocket.read(TNonblockingSocket.java:142)
	at org.apache.thrift.server.AbstractNonblockingServer$FrameBuffer.internalRead(AbstractNonblockingServer.java:539)
	at org.apache.thrift.server.AbstractNonblockingServer$FrameBuffer.read(AbstractNonblockingServer.java:338)
	at org.apache.thrift.server.AbstractNonblockingServer$AbstractSelectThread.handleRead(AbstractNonblockingServer.java:203)
	at org.apache.thrift.server.TNonblockingServer$SelectAcceptThread.select(TNonblockingServer.java:203)
	at org.apache.thrift.server.TNonblockingServer$SelectAcceptThread.run(TNonblockingServer.java:154)
[2016-04-01 16:36:58,686] INFO  HelloHandler:64 - 开始处理helloMap..
[2016-04-01 16:36:58,687] DEBUG JdbcTemplate:435 - Executing SQL query [select  count(1) from `manager-user`]
[2016-04-01 16:36:58,786] INFO  HelloHandler:68 - 处理完毕！136
[2016-04-01 16:36:58,805] WARN  AbstractNonblockingServer$FrameBuffer:544 - Got an IOException in internalRead!
java.io.IOException: 远程主机强迫关闭了一个现有的连接。
	at sun.nio.ch.SocketDispatcher.read0(Native Method)
	at sun.nio.ch.SocketDispatcher.read(SocketDispatcher.java:43)
	at sun.nio.ch.IOUtil.readIntoNativeBuffer(IOUtil.java:223)
	at sun.nio.ch.IOUtil.read(IOUtil.java:197)
	at sun.nio.ch.SocketChannelImpl.read(SocketChannelImpl.java:379)
	at org.apache.thrift.transport.TNonblockingSocket.read(TNonblockingSocket.java:142)
	at org.apache.thrift.server.AbstractNonblockingServer$FrameBuffer.internalRead(AbstractNonblockingServer.java:539)
	at org.apache.thrift.server.AbstractNonblockingServer$FrameBuffer.read(AbstractNonblockingServer.java:338)
	at org.apache.thrift.server.AbstractNonblockingServer$AbstractSelectThread.handleRead(AbstractNonblockingServer.java:203)
	at org.apache.thrift.server.TNonblockingServer$SelectAcceptThread.select(TNonblockingServer.java:203)
	at org.apache.thrift.server.TNonblockingServer$SelectAcceptThread.run(TNonblockingServer.java:154)
[2016-04-01 16:37:24,490] INFO  ClassPathXmlApplicationContext:510 - Refreshing org.springframework.context.support.ClassPathXmlApplicationContext@b8db8eb: startup date [Fri Apr 01 16:37:24 CST 2016]; root of context hierarchy
[2016-04-01 16:37:24,697] INFO  XmlBeanDefinitionReader:315 - Loading XML bean definitions from class path resource [applicationContext.xml]
[2016-04-01 16:37:25,861] INFO  PropertyPlaceholderConfigurer:172 - Loading properties file from URL [file:/E:/workspace1/hello/target/classes/system.properties]
[2016-04-01 16:37:26,116] INFO  DefaultListableBeanFactory:598 - Pre-instantiating singletons in org.springframework.beans.factory.support.DefaultListableBeanFactory@307c9a57: defining beans [org.springframework.context.annotation.internalConfigurationAnnotationProcessor,org.springframework.context.annotation.internalAutowiredAnnotationProcessor,org.springframework.context.annotation.internalRequiredAnnotationProcessor,org.springframework.context.annotation.internalCommonAnnotationProcessor,org.springframework.context.annotation.internalAsyncAnnotationProcessor,org.springframework.context.annotation.internalScheduledAnnotationProcessor,org.springframework.aop.config.internalAutoProxyCreator,task,settings,org.springframework.beans.factory.config.PropertyPlaceholderConfigurer#0,dataSource,transactionManager,jdbcTemplate,org.springframework.transaction.annotation.AnnotationTransactionAttributeSource#0,org.springframework.transaction.interceptor.TransactionInterceptor#0,org.springframework.transaction.config.internalTransactionAdvisor,transactionInterceptor,org.springframework.aop.framework.autoproxy.BeanNameAutoProxyCreator#0,org.springframework.context.annotation.ConfigurationClassPostProcessor.importAwareProcessor]; root of factory hierarchy
[2016-04-01 16:37:26,789] INFO  PropertiesFactoryBean:172 - Loading properties file from class path resource [system.properties]
[2016-04-01 16:37:34,091] INFO  HelloHandler:64 - 开始处理helloMap..
[2016-04-01 16:37:34,102] DEBUG JdbcTemplate:435 - Executing SQL query [select  count(1) from `manager-user`]
[2016-04-01 16:37:35,327] INFO  HelloHandler:68 - 处理完毕！136
[2016-04-01 16:37:35,337] WARN  AbstractNonblockingServer$FrameBuffer:418 - Got an IOException during write!
java.io.IOException: 远程主机强迫关闭了一个现有的连接。
	at sun.nio.ch.SocketDispatcher.write0(Native Method)
	at sun.nio.ch.SocketDispatcher.write(SocketDispatcher.java:51)
	at sun.nio.ch.IOUtil.writeFromNativeBuffer(IOUtil.java:93)
	at sun.nio.ch.IOUtil.write(IOUtil.java:65)
	at sun.nio.ch.SocketChannelImpl.write(SocketChannelImpl.java:487)
	at org.apache.thrift.transport.TNonblockingSocket.write(TNonblockingSocket.java:165)
	at org.apache.thrift.server.AbstractNonblockingServer$FrameBuffer.write(AbstractNonblockingServer.java:414)
	at org.apache.thrift.server.AbstractNonblockingServer$AbstractSelectThread.handleWrite(AbstractNonblockingServer.java:221)
	at org.apache.thrift.server.TNonblockingServer$SelectAcceptThread.select(TNonblockingServer.java:206)
	at org.apache.thrift.server.TNonblockingServer$SelectAcceptThread.run(TNonblockingServer.java:154)
[2016-04-01 16:38:51,836] INFO  HelloHandler:64 - 开始处理helloMap..
[2016-04-01 16:38:51,837] DEBUG JdbcTemplate:435 - Executing SQL query [select  count(1) from `manager-user`]
[2016-04-01 16:38:51,932] INFO  HelloHandler:68 - 处理完毕！136
[2016-04-01 16:38:57,170] WARN  AbstractNonblockingServer$FrameBuffer:544 - Got an IOException in internalRead!
java.io.IOException: 远程主机强迫关闭了一个现有的连接。
	at sun.nio.ch.SocketDispatcher.read0(Native Method)
	at sun.nio.ch.SocketDispatcher.read(SocketDispatcher.java:43)
	at sun.nio.ch.IOUtil.readIntoNativeBuffer(IOUtil.java:223)
	at sun.nio.ch.IOUtil.read(IOUtil.java:197)
	at sun.nio.ch.SocketChannelImpl.read(SocketChannelImpl.java:379)
	at org.apache.thrift.transport.TNonblockingSocket.read(TNonblockingSocket.java:142)
	at org.apache.thrift.server.AbstractNonblockingServer$FrameBuffer.internalRead(AbstractNonblockingServer.java:539)
	at org.apache.thrift.server.AbstractNonblockingServer$FrameBuffer.read(AbstractNonblockingServer.java:338)
	at org.apache.thrift.server.AbstractNonblockingServer$AbstractSelectThread.handleRead(AbstractNonblockingServer.java:203)
	at org.apache.thrift.server.TNonblockingServer$SelectAcceptThread.select(TNonblockingServer.java:203)
	at org.apache.thrift.server.TNonblockingServer$SelectAcceptThread.run(TNonblockingServer.java:154)
[2016-04-01 16:39:05,227] INFO  HelloHandler:64 - 开始处理helloMap..
[2016-04-01 16:39:05,227] DEBUG JdbcTemplate:435 - Executing SQL query [select  count(1) from `manager-user`]
[2016-04-01 16:39:05,323] INFO  HelloHandler:68 - 处理完毕！136
[2016-04-01 16:39:10,545] WARN  AbstractNonblockingServer$FrameBuffer:544 - Got an IOException in internalRead!
java.io.IOException: 远程主机强迫关闭了一个现有的连接。
	at sun.nio.ch.SocketDispatcher.read0(Native Method)
	at sun.nio.ch.SocketDispatcher.read(SocketDispatcher.java:43)
	at sun.nio.ch.IOUtil.readIntoNativeBuffer(IOUtil.java:223)
	at sun.nio.ch.IOUtil.read(IOUtil.java:197)
	at sun.nio.ch.SocketChannelImpl.read(SocketChannelImpl.java:379)
	at org.apache.thrift.transport.TNonblockingSocket.read(TNonblockingSocket.java:142)
	at org.apache.thrift.server.AbstractNonblockingServer$FrameBuffer.internalRead(AbstractNonblockingServer.java:539)
	at org.apache.thrift.server.AbstractNonblockingServer$FrameBuffer.read(AbstractNonblockingServer.java:338)
	at org.apache.thrift.server.AbstractNonblockingServer$AbstractSelectThread.handleRead(AbstractNonblockingServer.java:203)
	at org.apache.thrift.server.TNonblockingServer$SelectAcceptThread.select(TNonblockingServer.java:203)
	at org.apache.thrift.server.TNonblockingServer$SelectAcceptThread.run(TNonblockingServer.java:154)
[2016-04-01 16:40:34,168] INFO  HelloHandler:64 - 开始处理helloMap..
[2016-04-01 16:40:34,169] DEBUG JdbcTemplate:435 - Executing SQL query [select  count(1) from `manager-user`]
[2016-04-01 16:40:34,267] INFO  HelloHandler:68 - 处理完毕！136
[2016-04-01 16:40:37,372] WARN  AbstractNonblockingServer$FrameBuffer:544 - Got an IOException in internalRead!
java.io.IOException: 远程主机强迫关闭了一个现有的连接。
	at sun.nio.ch.SocketDispatcher.read0(Native Method)
	at sun.nio.ch.SocketDispatcher.read(SocketDispatcher.java:43)
	at sun.nio.ch.IOUtil.readIntoNativeBuffer(IOUtil.java:223)
	at sun.nio.ch.IOUtil.read(IOUtil.java:197)
	at sun.nio.ch.SocketChannelImpl.read(SocketChannelImpl.java:379)
	at org.apache.thrift.transport.TNonblockingSocket.read(TNonblockingSocket.java:142)
	at org.apache.thrift.server.AbstractNonblockingServer$FrameBuffer.internalRead(AbstractNonblockingServer.java:539)
	at org.apache.thrift.server.AbstractNonblockingServer$FrameBuffer.read(AbstractNonblockingServer.java:338)
	at org.apache.thrift.server.AbstractNonblockingServer$AbstractSelectThread.handleRead(AbstractNonblockingServer.java:203)
	at org.apache.thrift.server.TNonblockingServer$SelectAcceptThread.select(TNonblockingServer.java:203)
	at org.apache.thrift.server.TNonblockingServer$SelectAcceptThread.run(TNonblockingServer.java:154)
[2016-04-01 16:42:36,469] INFO  HelloHandler:34 - 服务端:hello
[2016-04-01 16:42:41,748] WARN  AbstractNonblockingServer$FrameBuffer:544 - Got an IOException in internalRead!
java.io.IOException: 远程主机强迫关闭了一个现有的连接。
	at sun.nio.ch.SocketDispatcher.read0(Native Method)
	at sun.nio.ch.SocketDispatcher.read(SocketDispatcher.java:43)
	at sun.nio.ch.IOUtil.readIntoNativeBuffer(IOUtil.java:223)
	at sun.nio.ch.IOUtil.read(IOUtil.java:197)
	at sun.nio.ch.SocketChannelImpl.read(SocketChannelImpl.java:379)
	at org.apache.thrift.transport.TNonblockingSocket.read(TNonblockingSocket.java:142)
	at org.apache.thrift.server.AbstractNonblockingServer$FrameBuffer.internalRead(AbstractNonblockingServer.java:539)
	at org.apache.thrift.server.AbstractNonblockingServer$FrameBuffer.read(AbstractNonblockingServer.java:338)
	at org.apache.thrift.server.AbstractNonblockingServer$AbstractSelectThread.handleRead(AbstractNonblockingServer.java:203)
	at org.apache.thrift.server.TNonblockingServer$SelectAcceptThread.select(TNonblockingServer.java:203)
	at org.apache.thrift.server.TNonblockingServer$SelectAcceptThread.run(TNonblockingServer.java:154)
[2016-04-01 16:46:12,253] INFO  HelloHandler:64 - 开始处理helloMap..
[2016-04-01 16:46:12,253] DEBUG JdbcTemplate:435 - Executing SQL query [select  count(1) from `manager-user`]
[2016-04-01 16:46:12,358] INFO  HelloHandler:68 - 处理完毕！136
[2016-04-01 16:46:18,078] WARN  AbstractNonblockingServer$FrameBuffer:544 - Got an IOException in internalRead!
java.io.IOException: 远程主机强迫关闭了一个现有的连接。
	at sun.nio.ch.SocketDispatcher.read0(Native Method)
	at sun.nio.ch.SocketDispatcher.read(SocketDispatcher.java:43)
	at sun.nio.ch.IOUtil.readIntoNativeBuffer(IOUtil.java:223)
	at sun.nio.ch.IOUtil.read(IOUtil.java:197)
	at sun.nio.ch.SocketChannelImpl.read(SocketChannelImpl.java:379)
	at org.apache.thrift.transport.TNonblockingSocket.read(TNonblockingSocket.java:142)
	at org.apache.thrift.server.AbstractNonblockingServer$FrameBuffer.internalRead(AbstractNonblockingServer.java:539)
	at org.apache.thrift.server.AbstractNonblockingServer$FrameBuffer.read(AbstractNonblockingServer.java:338)
	at org.apache.thrift.server.AbstractNonblockingServer$AbstractSelectThread.handleRead(AbstractNonblockingServer.java:203)
	at org.apache.thrift.server.TNonblockingServer$SelectAcceptThread.select(TNonblockingServer.java:203)
	at org.apache.thrift.server.TNonblockingServer$SelectAcceptThread.run(TNonblockingServer.java:154)
[2016-04-01 16:46:40,805] INFO  HelloHandler:64 - 开始处理helloMap..
[2016-04-01 16:46:40,805] DEBUG JdbcTemplate:435 - Executing SQL query [select  count(1) from `manager-user`]
[2016-04-01 16:46:40,900] INFO  HelloHandler:68 - 处理完毕！136
[2016-04-01 16:46:46,331] INFO  HelloHandler:34 - 服务端:larry
[2016-04-01 16:46:46,668] WARN  AbstractNonblockingServer$FrameBuffer:544 - Got an IOException in internalRead!
java.io.IOException: 远程主机强迫关闭了一个现有的连接。
	at sun.nio.ch.SocketDispatcher.read0(Native Method)
	at sun.nio.ch.SocketDispatcher.read(SocketDispatcher.java:43)
	at sun.nio.ch.IOUtil.readIntoNativeBuffer(IOUtil.java:223)
	at sun.nio.ch.IOUtil.read(IOUtil.java:197)
	at sun.nio.ch.SocketChannelImpl.read(SocketChannelImpl.java:379)
	at org.apache.thrift.transport.TNonblockingSocket.read(TNonblockingSocket.java:142)
	at org.apache.thrift.server.AbstractNonblockingServer$FrameBuffer.internalRead(AbstractNonblockingServer.java:539)
	at org.apache.thrift.server.AbstractNonblockingServer$FrameBuffer.read(AbstractNonblockingServer.java:338)
	at org.apache.thrift.server.AbstractNonblockingServer$AbstractSelectThread.handleRead(AbstractNonblockingServer.java:203)
	at org.apache.thrift.server.TNonblockingServer$SelectAcceptThread.select(TNonblockingServer.java:203)
	at org.apache.thrift.server.TNonblockingServer$SelectAcceptThread.run(TNonblockingServer.java:154)
[2016-04-01 16:47:14,611] INFO  HelloHandler:64 - 开始处理helloMap..
[2016-04-01 16:47:14,611] DEBUG JdbcTemplate:435 - Executing SQL query [select  count(1) from `manager-user`]
[2016-04-01 16:47:14,706] INFO  HelloHandler:68 - 处理完毕！136
[2016-04-01 16:47:15,131] INFO  HelloHandler:34 - 服务端:larry
[2016-04-01 16:47:20,480] WARN  AbstractNonblockingServer$FrameBuffer:544 - Got an IOException in internalRead!
java.io.IOException: 远程主机强迫关闭了一个现有的连接。
	at sun.nio.ch.SocketDispatcher.read0(Native Method)
	at sun.nio.ch.SocketDispatcher.read(SocketDispatcher.java:43)
	at sun.nio.ch.IOUtil.readIntoNativeBuffer(IOUtil.java:223)
	at sun.nio.ch.IOUtil.read(IOUtil.java:197)
	at sun.nio.ch.SocketChannelImpl.read(SocketChannelImpl.java:379)
	at org.apache.thrift.transport.TNonblockingSocket.read(TNonblockingSocket.java:142)
	at org.apache.thrift.server.AbstractNonblockingServer$FrameBuffer.internalRead(AbstractNonblockingServer.java:539)
	at org.apache.thrift.server.AbstractNonblockingServer$FrameBuffer.read(AbstractNonblockingServer.java:338)
	at org.apache.thrift.server.AbstractNonblockingServer$AbstractSelectThread.handleRead(AbstractNonblockingServer.java:203)
	at org.apache.thrift.server.TNonblockingServer$SelectAcceptThread.select(TNonblockingServer.java:203)
	at org.apache.thrift.server.TNonblockingServer$SelectAcceptThread.run(TNonblockingServer.java:154)
[2016-04-01 16:47:29,341] INFO  HelloHandler:64 - 开始处理helloMap..
[2016-04-01 16:47:29,342] DEBUG JdbcTemplate:435 - Executing SQL query [select  count(1) from `manager-user`]
[2016-04-01 16:47:29,437] INFO  HelloHandler:68 - 处理完毕！136
[2016-04-01 16:47:29,860] INFO  HelloHandler:34 - 服务端:larry
[2016-04-01 16:47:35,219] WARN  AbstractNonblockingServer$FrameBuffer:544 - Got an IOException in internalRead!
java.io.IOException: 远程主机强迫关闭了一个现有的连接。
	at sun.nio.ch.SocketDispatcher.read0(Native Method)
	at sun.nio.ch.SocketDispatcher.read(SocketDispatcher.java:43)
	at sun.nio.ch.IOUtil.readIntoNativeBuffer(IOUtil.java:223)
	at sun.nio.ch.IOUtil.read(IOUtil.java:197)
	at sun.nio.ch.SocketChannelImpl.read(SocketChannelImpl.java:379)
	at org.apache.thrift.transport.TNonblockingSocket.read(TNonblockingSocket.java:142)
	at org.apache.thrift.server.AbstractNonblockingServer$FrameBuffer.internalRead(AbstractNonblockingServer.java:539)
	at org.apache.thrift.server.AbstractNonblockingServer$FrameBuffer.read(AbstractNonblockingServer.java:338)
	at org.apache.thrift.server.AbstractNonblockingServer$AbstractSelectThread.handleRead(AbstractNonblockingServer.java:203)
	at org.apache.thrift.server.TNonblockingServer$SelectAcceptThread.select(TNonblockingServer.java:203)
	at org.apache.thrift.server.TNonblockingServer$SelectAcceptThread.run(TNonblockingServer.java:154)
[2016-04-01 16:48:52,504] INFO  HelloHandler:34 - 服务端:larry
[2016-04-01 16:49:21,514] INFO  HelloHandler:64 - 开始处理helloMap..
[2016-04-01 16:49:21,514] DEBUG JdbcTemplate:435 - Executing SQL query [select  count(1) from `manager-user`]
[2016-04-01 16:49:21,611] INFO  HelloHandler:68 - 处理完毕！136
[2016-04-01 16:49:22,023] INFO  HelloHandler:34 - 服务端:larry
[2016-04-01 16:49:27,404] WARN  AbstractNonblockingServer$FrameBuffer:544 - Got an IOException in internalRead!
java.io.IOException: 远程主机强迫关闭了一个现有的连接。
	at sun.nio.ch.SocketDispatcher.read0(Native Method)
	at sun.nio.ch.SocketDispatcher.read(SocketDispatcher.java:43)
	at sun.nio.ch.IOUtil.readIntoNativeBuffer(IOUtil.java:223)
	at sun.nio.ch.IOUtil.read(IOUtil.java:197)
	at sun.nio.ch.SocketChannelImpl.read(SocketChannelImpl.java:379)
	at org.apache.thrift.transport.TNonblockingSocket.read(TNonblockingSocket.java:142)
	at org.apache.thrift.server.AbstractNonblockingServer$FrameBuffer.internalRead(AbstractNonblockingServer.java:539)
	at org.apache.thrift.server.AbstractNonblockingServer$FrameBuffer.read(AbstractNonblockingServer.java:338)
	at org.apache.thrift.server.AbstractNonblockingServer$AbstractSelectThread.handleRead(AbstractNonblockingServer.java:203)
	at org.apache.thrift.server.TNonblockingServer$SelectAcceptThread.select(TNonblockingServer.java:203)
	at org.apache.thrift.server.TNonblockingServer$SelectAcceptThread.run(TNonblockingServer.java:154)
[2016-04-01 16:50:16,157] INFO  HelloHandler:64 - 开始处理helloMap..
[2016-04-01 16:50:16,158] DEBUG JdbcTemplate:435 - Executing SQL query [select  count(1) from `manager-user`]
[2016-04-01 16:50:16,254] INFO  HelloHandler:68 - 处理完毕！136
[2016-04-01 16:50:16,666] INFO  HelloHandler:34 - 服务端:larry
[2016-04-01 16:50:22,013] WARN  AbstractNonblockingServer$FrameBuffer:544 - Got an IOException in internalRead!
java.io.IOException: 远程主机强迫关闭了一个现有的连接。
	at sun.nio.ch.SocketDispatcher.read0(Native Method)
	at sun.nio.ch.SocketDispatcher.read(SocketDispatcher.java:43)
	at sun.nio.ch.IOUtil.readIntoNativeBuffer(IOUtil.java:223)
	at sun.nio.ch.IOUtil.read(IOUtil.java:197)
	at sun.nio.ch.SocketChannelImpl.read(SocketChannelImpl.java:379)
	at org.apache.thrift.transport.TNonblockingSocket.read(TNonblockingSocket.java:142)
	at org.apache.thrift.server.AbstractNonblockingServer$FrameBuffer.internalRead(AbstractNonblockingServer.java:539)
	at org.apache.thrift.server.AbstractNonblockingServer$FrameBuffer.read(AbstractNonblockingServer.java:338)
	at org.apache.thrift.server.AbstractNonblockingServer$AbstractSelectThread.handleRead(AbstractNonblockingServer.java:203)
	at org.apache.thrift.server.TNonblockingServer$SelectAcceptThread.select(TNonblockingServer.java:203)
	at org.apache.thrift.server.TNonblockingServer$SelectAcceptThread.run(TNonblockingServer.java:154)
[2016-04-01 16:50:22,014] WARN  AbstractNonblockingServer$FrameBuffer:544 - Got an IOException in internalRead!
java.io.IOException: 远程主机强迫关闭了一个现有的连接。
	at sun.nio.ch.SocketDispatcher.read0(Native Method)
	at sun.nio.ch.SocketDispatcher.read(SocketDispatcher.java:43)
	at sun.nio.ch.IOUtil.readIntoNativeBuffer(IOUtil.java:223)
	at sun.nio.ch.IOUtil.read(IOUtil.java:197)
	at sun.nio.ch.SocketChannelImpl.read(SocketChannelImpl.java:379)
	at org.apache.thrift.transport.TNonblockingSocket.read(TNonblockingSocket.java:142)
	at org.apache.thrift.server.AbstractNonblockingServer$FrameBuffer.internalRead(AbstractNonblockingServer.java:539)
	at org.apache.thrift.server.AbstractNonblockingServer$FrameBuffer.read(AbstractNonblockingServer.java:338)
	at org.apache.thrift.server.AbstractNonblockingServer$AbstractSelectThread.handleRead(AbstractNonblockingServer.java:203)
	at org.apache.thrift.server.TNonblockingServer$SelectAcceptThread.select(TNonblockingServer.java:203)
	at org.apache.thrift.server.TNonblockingServer$SelectAcceptThread.run(TNonblockingServer.java:154)
[2016-04-01 16:50:55,883] INFO  HelloHandler:64 - 开始处理helloMap..
[2016-04-01 16:50:55,884] DEBUG JdbcTemplate:435 - Executing SQL query [select  count(1) from `manager-user`]
[2016-04-01 16:50:56,283] INFO  HelloHandler:68 - 处理完毕！136
[2016-04-01 16:50:56,414] INFO  HelloHandler:34 - 服务端:larry
[2016-04-01 16:51:01,748] WARN  AbstractNonblockingServer$FrameBuffer:544 - Got an IOException in internalRead!
java.io.IOException: 远程主机强迫关闭了一个现有的连接。
	at sun.nio.ch.SocketDispatcher.read0(Native Method)
	at sun.nio.ch.SocketDispatcher.read(SocketDispatcher.java:43)
	at sun.nio.ch.IOUtil.readIntoNativeBuffer(IOUtil.java:223)
	at sun.nio.ch.IOUtil.read(IOUtil.java:197)
	at sun.nio.ch.SocketChannelImpl.read(SocketChannelImpl.java:379)
	at org.apache.thrift.transport.TNonblockingSocket.read(TNonblockingSocket.java:142)
	at org.apache.thrift.server.AbstractNonblockingServer$FrameBuffer.internalRead(AbstractNonblockingServer.java:539)
	at org.apache.thrift.server.AbstractNonblockingServer$FrameBuffer.read(AbstractNonblockingServer.java:338)
	at org.apache.thrift.server.AbstractNonblockingServer$AbstractSelectThread.handleRead(AbstractNonblockingServer.java:203)
	at org.apache.thrift.server.TNonblockingServer$SelectAcceptThread.select(TNonblockingServer.java:203)
	at org.apache.thrift.server.TNonblockingServer$SelectAcceptThread.run(TNonblockingServer.java:154)
[2016-04-01 16:51:01,750] WARN  AbstractNonblockingServer$FrameBuffer:544 - Got an IOException in internalRead!
java.io.IOException: 远程主机强迫关闭了一个现有的连接。
	at sun.nio.ch.SocketDispatcher.read0(Native Method)
	at sun.nio.ch.SocketDispatcher.read(SocketDispatcher.java:43)
	at sun.nio.ch.IOUtil.readIntoNativeBuffer(IOUtil.java:223)
	at sun.nio.ch.IOUtil.read(IOUtil.java:197)
	at sun.nio.ch.SocketChannelImpl.read(SocketChannelImpl.java:379)
	at org.apache.thrift.transport.TNonblockingSocket.read(TNonblockingSocket.java:142)
	at org.apache.thrift.server.AbstractNonblockingServer$FrameBuffer.internalRead(AbstractNonblockingServer.java:539)
	at org.apache.thrift.server.AbstractNonblockingServer$FrameBuffer.read(AbstractNonblockingServer.java:338)
	at org.apache.thrift.server.AbstractNonblockingServer$AbstractSelectThread.handleRead(AbstractNonblockingServer.java:203)
	at org.apache.thrift.server.TNonblockingServer$SelectAcceptThread.select(TNonblockingServer.java:203)
	at org.apache.thrift.server.TNonblockingServer$SelectAcceptThread.run(TNonblockingServer.java:154)
[2016-04-01 16:55:24,613] INFO  HelloHandler:64 - 开始处理helloMap..
[2016-04-01 16:55:24,613] DEBUG JdbcTemplate:435 - Executing SQL query [select  count(1) from `manager-user`]
[2016-04-01 16:55:24,709] INFO  HelloHandler:68 - 处理完毕！136
[2016-04-01 16:55:30,467] WARN  AbstractNonblockingServer$FrameBuffer:544 - Got an IOException in internalRead!
java.io.IOException: 远程主机强迫关闭了一个现有的连接。
	at sun.nio.ch.SocketDispatcher.read0(Native Method)
	at sun.nio.ch.SocketDispatcher.read(SocketDispatcher.java:43)
	at sun.nio.ch.IOUtil.readIntoNativeBuffer(IOUtil.java:223)
	at sun.nio.ch.IOUtil.read(IOUtil.java:197)
	at sun.nio.ch.SocketChannelImpl.read(SocketChannelImpl.java:379)
	at org.apache.thrift.transport.TNonblockingSocket.read(TNonblockingSocket.java:142)
	at org.apache.thrift.server.AbstractNonblockingServer$FrameBuffer.internalRead(AbstractNonblockingServer.java:539)
	at org.apache.thrift.server.AbstractNonblockingServer$FrameBuffer.read(AbstractNonblockingServer.java:338)
	at org.apache.thrift.server.AbstractNonblockingServer$AbstractSelectThread.handleRead(AbstractNonblockingServer.java:203)
	at org.apache.thrift.server.TNonblockingServer$SelectAcceptThread.select(TNonblockingServer.java:203)
	at org.apache.thrift.server.TNonblockingServer$SelectAcceptThread.run(TNonblockingServer.java:154)
[2016-04-01 16:56:07,592] INFO  HelloHandler:64 - 开始处理helloMap..
[2016-04-01 16:56:07,593] DEBUG JdbcTemplate:435 - Executing SQL query [select  count(1) from `manager-user`]
[2016-04-01 16:56:07,688] INFO  HelloHandler:68 - 处理完毕！136
[2016-04-01 16:56:13,419] WARN  AbstractNonblockingServer$FrameBuffer:544 - Got an IOException in internalRead!
java.io.IOException: 远程主机强迫关闭了一个现有的连接。
	at sun.nio.ch.SocketDispatcher.read0(Native Method)
	at sun.nio.ch.SocketDispatcher.read(SocketDispatcher.java:43)
	at sun.nio.ch.IOUtil.readIntoNativeBuffer(IOUtil.java:223)
	at sun.nio.ch.IOUtil.read(IOUtil.java:197)
	at sun.nio.ch.SocketChannelImpl.read(SocketChannelImpl.java:379)
	at org.apache.thrift.transport.TNonblockingSocket.read(TNonblockingSocket.java:142)
	at org.apache.thrift.server.AbstractNonblockingServer$FrameBuffer.internalRead(AbstractNonblockingServer.java:539)
	at org.apache.thrift.server.AbstractNonblockingServer$FrameBuffer.read(AbstractNonblockingServer.java:338)
	at org.apache.thrift.server.AbstractNonblockingServer$AbstractSelectThread.handleRead(AbstractNonblockingServer.java:203)
	at org.apache.thrift.server.TNonblockingServer$SelectAcceptThread.select(TNonblockingServer.java:203)
	at org.apache.thrift.server.TNonblockingServer$SelectAcceptThread.run(TNonblockingServer.java:154)
[2016-04-01 16:56:41,914] INFO  HelloHandler:34 - 服务端:larry
[2016-04-01 16:56:41,949] INFO  HelloHandler:40 - 服务端:123
[2016-04-01 16:57:29,924] INFO  HelloHandler:34 - 服务端:larry
[2016-04-01 16:57:29,946] INFO  HelloHandler:40 - 服务端:123
[2016-04-01 16:57:37,453] INFO  HelloHandler:34 - 服务端:larry
[2016-04-01 16:57:37,468] INFO  HelloHandler:40 - 服务端:123
[2016-04-01 16:57:57,370] INFO  HelloHandler:64 - 开始处理helloMap..
[2016-04-01 16:57:57,370] DEBUG JdbcTemplate:435 - Executing SQL query [select  count(1) from `manager-user`]
[2016-04-01 16:57:57,466] INFO  HelloHandler:68 - 处理完毕！136
[2016-04-01 16:57:59,209] WARN  AbstractNonblockingServer$FrameBuffer:544 - Got an IOException in internalRead!
java.io.IOException: 远程主机强迫关闭了一个现有的连接。
	at sun.nio.ch.SocketDispatcher.read0(Native Method)
	at sun.nio.ch.SocketDispatcher.read(SocketDispatcher.java:43)
	at sun.nio.ch.IOUtil.readIntoNativeBuffer(IOUtil.java:223)
	at sun.nio.ch.IOUtil.read(IOUtil.java:197)
	at sun.nio.ch.SocketChannelImpl.read(SocketChannelImpl.java:379)
	at org.apache.thrift.transport.TNonblockingSocket.read(TNonblockingSocket.java:142)
	at org.apache.thrift.server.AbstractNonblockingServer$FrameBuffer.internalRead(AbstractNonblockingServer.java:539)
	at org.apache.thrift.server.AbstractNonblockingServer$FrameBuffer.read(AbstractNonblockingServer.java:338)
	at org.apache.thrift.server.AbstractNonblockingServer$AbstractSelectThread.handleRead(AbstractNonblockingServer.java:203)
	at org.apache.thrift.server.TNonblockingServer$SelectAcceptThread.select(TNonblockingServer.java:203)
	at org.apache.thrift.server.TNonblockingServer$SelectAcceptThread.run(TNonblockingServer.java:154)
[2016-04-01 16:58:13,989] INFO  HelloHandler:64 - 开始处理helloMap..
[2016-04-01 16:58:13,990] DEBUG JdbcTemplate:435 - Executing SQL query [select  count(1) from `manager-user`]
[2016-04-01 16:58:14,085] INFO  HelloHandler:68 - 处理完毕！136
[2016-04-01 16:58:15,812] WARN  AbstractNonblockingServer$FrameBuffer:544 - Got an IOException in internalRead!
java.io.IOException: 远程主机强迫关闭了一个现有的连接。
	at sun.nio.ch.SocketDispatcher.read0(Native Method)
	at sun.nio.ch.SocketDispatcher.read(SocketDispatcher.java:43)
	at sun.nio.ch.IOUtil.readIntoNativeBuffer(IOUtil.java:223)
	at sun.nio.ch.IOUtil.read(IOUtil.java:197)
	at sun.nio.ch.SocketChannelImpl.read(SocketChannelImpl.java:379)
	at org.apache.thrift.transport.TNonblockingSocket.read(TNonblockingSocket.java:142)
	at org.apache.thrift.server.AbstractNonblockingServer$FrameBuffer.internalRead(AbstractNonblockingServer.java:539)
	at org.apache.thrift.server.AbstractNonblockingServer$FrameBuffer.read(AbstractNonblockingServer.java:338)
	at org.apache.thrift.server.AbstractNonblockingServer$AbstractSelectThread.handleRead(AbstractNonblockingServer.java:203)
	at org.apache.thrift.server.TNonblockingServer$SelectAcceptThread.select(TNonblockingServer.java:203)
	at org.apache.thrift.server.TNonblockingServer$SelectAcceptThread.run(TNonblockingServer.java:154)
[2016-04-01 17:07:13,741] INFO  ClassPathXmlApplicationContext:510 - Refreshing org.springframework.context.support.ClassPathXmlApplicationContext@13552393: startup date [Fri Apr 01 17:07:13 CST 2016]; root of context hierarchy
[2016-04-01 17:07:13,942] INFO  XmlBeanDefinitionReader:315 - Loading XML bean definitions from class path resource [applicationContext.xml]
[2016-04-01 17:07:15,702] INFO  PropertyPlaceholderConfigurer:172 - Loading properties file from URL [file:/E:/workspace1/hello/target/classes/system.properties]
[2016-04-01 17:07:15,964] INFO  DefaultListableBeanFactory:598 - Pre-instantiating singletons in org.springframework.beans.factory.support.DefaultListableBeanFactory@6976ebe5: defining beans [org.springframework.context.annotation.internalConfigurationAnnotationProcessor,org.springframework.context.annotation.internalAutowiredAnnotationProcessor,org.springframework.context.annotation.internalRequiredAnnotationProcessor,org.springframework.context.annotation.internalCommonAnnotationProcessor,org.springframework.context.annotation.internalAsyncAnnotationProcessor,org.springframework.context.annotation.internalScheduledAnnotationProcessor,org.springframework.aop.config.internalAutoProxyCreator,task,settings,org.springframework.beans.factory.config.PropertyPlaceholderConfigurer#0,dataSource,transactionManager,jdbcTemplate,org.springframework.transaction.annotation.AnnotationTransactionAttributeSource#0,org.springframework.transaction.interceptor.TransactionInterceptor#0,org.springframework.transaction.config.internalTransactionAdvisor,transactionInterceptor,org.springframework.aop.framework.autoproxy.BeanNameAutoProxyCreator#0,org.springframework.context.annotation.ConfigurationClassPostProcessor.importAwareProcessor]; root of factory hierarchy
[2016-04-01 17:07:16,841] INFO  PropertiesFactoryBean:172 - Loading properties file from class path resource [system.properties]
[2016-04-01 17:12:05,792] INFO  HelloHandler:64 - 开始处理helloMap..
[2016-04-01 17:12:05,808] DEBUG JdbcTemplate:435 - Executing SQL query [select  count(1) from `manager-user`]
[2016-04-01 17:12:06,952] INFO  HelloHandler:68 - 处理完毕！136
[2016-04-01 17:12:07,566] WARN  AbstractNonblockingServer$FrameBuffer:544 - Got an IOException in internalRead!
java.io.IOException: 远程主机强迫关闭了一个现有的连接。
	at sun.nio.ch.SocketDispatcher.read0(Native Method)
	at sun.nio.ch.SocketDispatcher.read(SocketDispatcher.java:43)
	at sun.nio.ch.IOUtil.readIntoNativeBuffer(IOUtil.java:223)
	at sun.nio.ch.IOUtil.read(IOUtil.java:197)
	at sun.nio.ch.SocketChannelImpl.read(SocketChannelImpl.java:379)
	at org.apache.thrift.transport.TNonblockingSocket.read(TNonblockingSocket.java:142)
	at org.apache.thrift.server.AbstractNonblockingServer$FrameBuffer.internalRead(AbstractNonblockingServer.java:539)
	at org.apache.thrift.server.AbstractNonblockingServer$FrameBuffer.read(AbstractNonblockingServer.java:338)
	at org.apache.thrift.server.AbstractNonblockingServer$AbstractSelectThread.handleRead(AbstractNonblockingServer.java:203)
	at org.apache.thrift.server.TThreadedSelectorServer$SelectorThread.select(TThreadedSelectorServer.java:586)
	at org.apache.thrift.server.TThreadedSelectorServer$SelectorThread.run(TThreadedSelectorServer.java:541)
[2016-04-01 17:13:14,423] INFO  HelloHandler:64 - 开始处理helloMap..
[2016-04-01 17:13:14,424] DEBUG JdbcTemplate:435 - Executing SQL query [select  count(1) from `manager-user`]
[2016-04-01 17:13:14,814] INFO  HelloHandler:68 - 处理完毕！136
[2016-04-01 17:13:16,235] WARN  AbstractNonblockingServer$FrameBuffer:544 - Got an IOException in internalRead!
java.io.IOException: 远程主机强迫关闭了一个现有的连接。
	at sun.nio.ch.SocketDispatcher.read0(Native Method)
	at sun.nio.ch.SocketDispatcher.read(SocketDispatcher.java:43)
	at sun.nio.ch.IOUtil.readIntoNativeBuffer(IOUtil.java:223)
	at sun.nio.ch.IOUtil.read(IOUtil.java:197)
	at sun.nio.ch.SocketChannelImpl.read(SocketChannelImpl.java:379)
	at org.apache.thrift.transport.TNonblockingSocket.read(TNonblockingSocket.java:142)
	at org.apache.thrift.server.AbstractNonblockingServer$FrameBuffer.internalRead(AbstractNonblockingServer.java:539)
	at org.apache.thrift.server.AbstractNonblockingServer$FrameBuffer.read(AbstractNonblockingServer.java:338)
	at org.apache.thrift.server.AbstractNonblockingServer$AbstractSelectThread.handleRead(AbstractNonblockingServer.java:203)
	at org.apache.thrift.server.TThreadedSelectorServer$SelectorThread.select(TThreadedSelectorServer.java:586)
	at org.apache.thrift.server.TThreadedSelectorServer$SelectorThread.run(TThreadedSelectorServer.java:541)
[2016-04-01 17:13:33,245] INFO  HelloHandler:64 - 开始处理helloMap..
[2016-04-01 17:13:33,246] DEBUG JdbcTemplate:435 - Executing SQL query [select  count(1) from `manager-user`]
[2016-04-01 17:13:33,343] INFO  HelloHandler:68 - 处理完毕！136
[2016-04-01 17:13:35,066] WARN  AbstractNonblockingServer$FrameBuffer:544 - Got an IOException in internalRead!
java.io.IOException: 远程主机强迫关闭了一个现有的连接。
	at sun.nio.ch.SocketDispatcher.read0(Native Method)
	at sun.nio.ch.SocketDispatcher.read(SocketDispatcher.java:43)
	at sun.nio.ch.IOUtil.readIntoNativeBuffer(IOUtil.java:223)
	at sun.nio.ch.IOUtil.read(IOUtil.java:197)
	at sun.nio.ch.SocketChannelImpl.read(SocketChannelImpl.java:379)
	at org.apache.thrift.transport.TNonblockingSocket.read(TNonblockingSocket.java:142)
	at org.apache.thrift.server.AbstractNonblockingServer$FrameBuffer.internalRead(AbstractNonblockingServer.java:539)
	at org.apache.thrift.server.AbstractNonblockingServer$FrameBuffer.read(AbstractNonblockingServer.java:338)
	at org.apache.thrift.server.AbstractNonblockingServer$AbstractSelectThread.handleRead(AbstractNonblockingServer.java:203)
	at org.apache.thrift.server.TThreadedSelectorServer$SelectorThread.select(TThreadedSelectorServer.java:586)
	at org.apache.thrift.server.TThreadedSelectorServer$SelectorThread.run(TThreadedSelectorServer.java:541)
[2016-04-01 17:16:16,385] INFO  HelloHandler:64 - 开始处理helloMap..
[2016-04-01 17:16:16,386] DEBUG JdbcTemplate:435 - Executing SQL query [select  count(1) from `manager-user`]
[2016-04-01 17:16:16,484] INFO  HelloHandler:68 - 处理完毕！136
[2016-04-01 17:16:18,214] WARN  AbstractNonblockingServer$FrameBuffer:544 - Got an IOException in internalRead!
java.io.IOException: 远程主机强迫关闭了一个现有的连接。
	at sun.nio.ch.SocketDispatcher.read0(Native Method)
	at sun.nio.ch.SocketDispatcher.read(SocketDispatcher.java:43)
	at sun.nio.ch.IOUtil.readIntoNativeBuffer(IOUtil.java:223)
	at sun.nio.ch.IOUtil.read(IOUtil.java:197)
	at sun.nio.ch.SocketChannelImpl.read(SocketChannelImpl.java:379)
	at org.apache.thrift.transport.TNonblockingSocket.read(TNonblockingSocket.java:142)
	at org.apache.thrift.server.AbstractNonblockingServer$FrameBuffer.internalRead(AbstractNonblockingServer.java:539)
	at org.apache.thrift.server.AbstractNonblockingServer$FrameBuffer.read(AbstractNonblockingServer.java:338)
	at org.apache.thrift.server.AbstractNonblockingServer$AbstractSelectThread.handleRead(AbstractNonblockingServer.java:203)
	at org.apache.thrift.server.TThreadedSelectorServer$SelectorThread.select(TThreadedSelectorServer.java:586)
	at org.apache.thrift.server.TThreadedSelectorServer$SelectorThread.run(TThreadedSelectorServer.java:541)
[2016-04-01 17:17:19,618] INFO  HelloHandler:64 - 开始处理helloMap..
[2016-04-01 17:17:19,621] DEBUG JdbcTemplate:435 - Executing SQL query [select  count(1) from `manager-user`]
[2016-04-01 17:17:19,717] INFO  HelloHandler:68 - 处理完毕！136
[2016-04-01 17:17:34,762] INFO  HelloHandler:64 - 开始处理helloMap..
[2016-04-01 17:17:34,763] DEBUG JdbcTemplate:435 - Executing SQL query [select  count(1) from `manager-user`]
[2016-04-01 17:17:34,859] INFO  HelloHandler:68 - 处理完毕！136
[2016-04-01 17:24:01,651] INFO  HelloHandler:64 - 开始处理helloMap..
[2016-04-01 17:24:01,652] DEBUG JdbcTemplate:435 - Executing SQL query [select  count(1) from `manager-user`]
[2016-04-01 17:24:01,747] INFO  HelloHandler:68 - 处理完毕！136
[2016-04-01 17:26:23,780] INFO  HelloHandler:64 - 开始处理helloMap..
[2016-04-01 17:26:23,781] DEBUG JdbcTemplate:435 - Executing SQL query [select  count(1) from `manager-user`]
[2016-04-01 17:26:23,876] INFO  HelloHandler:68 - 处理完毕！136
[2016-04-01 17:26:24,309] INFO  HelloHandler:34 - 服务端:hello
[2016-04-01 17:26:46,055] INFO  HelloHandler:64 - 开始处理helloMap..
[2016-04-01 17:26:46,055] DEBUG JdbcTemplate:435 - Executing SQL query [select  count(1) from `manager-user`]
[2016-04-01 17:26:46,150] INFO  HelloHandler:68 - 处理完毕！136
[2016-04-01 17:26:46,570] INFO  HelloHandler:34 - 服务端:hello
[2016-04-01 17:26:46,602] INFO  HelloHandler:34 - 服务端:larry
[2016-04-01 17:26:46,660] INFO  HelloHandler:40 - 服务端:123
[2016-04-01 17:26:57,241] INFO  HelloHandler:64 - 开始处理helloMap..
[2016-04-01 17:26:57,242] DEBUG JdbcTemplate:435 - Executing SQL query [select  count(1) from `manager-user`]
[2016-04-01 17:26:57,336] INFO  HelloHandler:68 - 处理完毕！136
[2016-04-01 17:26:57,746] INFO  HelloHandler:34 - 服务端:hello
[2016-04-01 17:26:57,782] INFO  HelloHandler:34 - 服务端:larry
[2016-04-01 17:26:57,803] INFO  HelloHandler:40 - 服务端:123
[2016-04-01 17:28:15,490] INFO  HelloHandler:64 - 开始处理helloMap..
[2016-04-01 17:28:15,490] DEBUG JdbcTemplate:435 - Executing SQL query [select  count(1) from `manager-user`]
[2016-04-01 17:28:15,585] INFO  HelloHandler:68 - 处理完毕！136
[2016-04-01 17:28:15,989] INFO  HelloHandler:34 - 服务端:hello
[2016-04-01 17:28:16,011] INFO  HelloHandler:34 - 服务端:larry
[2016-04-01 17:28:16,031] INFO  HelloHandler:40 - 服务端:123
[2016-04-01 17:28:26,123] INFO  HelloHandler:64 - 开始处理helloMap..
[2016-04-01 17:28:26,123] DEBUG JdbcTemplate:435 - Executing SQL query [select  count(1) from `manager-user`]
[2016-04-01 17:28:26,219] INFO  HelloHandler:68 - 处理完毕！136
[2016-04-01 17:28:26,635] INFO  HelloHandler:34 - 服务端:hello
[2016-04-01 17:28:26,668] INFO  HelloHandler:34 - 服务端:larry
[2016-04-01 17:28:26,689] INFO  HelloHandler:40 - 服务端:123
[2016-04-01 17:28:31,797] INFO  HelloHandler:64 - 开始处理helloMap..
[2016-04-01 17:28:31,797] DEBUG JdbcTemplate:435 - Executing SQL query [select  count(1) from `manager-user`]
[2016-04-01 17:28:31,891] INFO  HelloHandler:68 - 处理完毕！136
[2016-04-01 17:28:32,310] INFO  HelloHandler:34 - 服务端:hello
[2016-04-01 17:28:32,346] INFO  HelloHandler:34 - 服务端:larry
[2016-04-01 17:28:32,406] INFO  HelloHandler:40 - 服务端:123
